////// 2018-01-04 14:34:13 cron.php --show-output --run=/chat/get_users

////// 

////// 2018-01-04 14:34:34 cron.php --show-output --run=/chat/get_groups

////// 

////// 2018-01-04 14:41:12 cron.php --show-output --run=/chat/get_groups

////// 

////// 2018-01-04 14:42:37 cron.php --show-output --run=/chat/

////// 

////// 2018-01-04 14:43:48 cron.php --show-output --run=/chat/

////// 

////// 2018-01-04 14:44:03 cron.php --show-output --run=/chat/

////// 

////// 2018-01-04 14:45:20 cron.php --show-output --run=/chat/

////// 

////// 2018-01-04 14:45:23 cron.php --show-output --run=/chat/

////// 

////// 2018-01-04 14:45:24 cron.php --show-output --run=/chat/

////// 

////// 2018-01-04 14:56:42 cron.php --show-output --run=/chat/update_user/1085

////// 

////// 2018-01-04 14:58:50 cron.php --show-output --run=/chat/update_user/1085

////// 

////// 2018-01-04 14:59:58 cron.php --show-output --run=/chat/update_user/1085

////// 

////// 2018-01-04 15:06:15 cron.php --show-output --run=/chat/update_user/1088

////// 

////// 2018-01-04 15:07:56 cron.php --show-output --run=/chat/update_user/1089

////// 

////// 2018-01-04 15:13:30 cron.php --show-output --run=/chat/get_users

////// 

////// 2018-01-04 15:15:02 cron.php --show-output --run=/chat/get_users

////// 

////// 2018-01-04 15:15:21 cron.php --show-output --run=/chat/get_users

////// 

////// 2018-01-04 15:15:42 cron.php --show-output --run=/chat/get_users

////// 

////// 2018-01-04 15:16:45 cron.php --show-output --run=/chat/get_users

////// 

////// 2018-01-04 15:17:50 cron.php --show-output --run=/chat/get_users

////// 

////// 2018-01-04 15:18:08 cron.php --show-output --run=/chat/get_users

////// 

////// 2018-01-04 15:18:31 cron.php --show-output --run=/chat/get_users

////// 

////// 2018-01-04 15:21:13 cron.php --show-output --run=/chat/get_users

////// 

////// 2018-12-21 04:22:57 cron.php --run=/utem_sso/

////// 

////// 2018-12-21 04:24:20 cron.php --run=/utem_sso/

////// 

////// 2018-12-21 04:28:53 cron.php --run=/Glpi_ldap/

////// 

////// 2018-12-21 04:30:37 cron.php --run=/Glpi_ldap/get_all

////// 

////// 2018-12-21 04:40:23 cron.php --run=/Glpi_ldap/get_all

////// 

////// 2018-12-21 04:41:02 cron.php --run=/Glpi_ldap/get_all

////// 

////// 2018-12-24 01:02:33 cron.php --run=/glpi_ldap/

////// 

////// 2018-12-24 01:02:37 cron.php --run=/glpi_ldap/get_all

////// 

////// 2018-12-24 01:03:58 cron.php --run=/glpi_ldap/get_all

////// 

////// 2018-12-24 01:04:08 cron.php --run=/glpi_ldap/get_all

////// 

////// 2018-12-24 01:04:12 cron.php --run=/glpi_ldap/get_all

////// 

////// 2018-12-24 01:08:29 cron.php --run=/glpi_ldap/get_all

////// 

////// 2018-12-24 03:53:20 cron.php --run=/glpi_ldap/get_all

////// 

////// 2018-12-24 03:53:24 cron.php --run=/glpi_ldap/get_all

////// 

////// 2018-12-24 03:53:27 cron.php --run=/glpi_ldap/get_all

////// 

////// 2018-12-24 03:53:32 cron.php --run=/glpi_ldap/get_all

////// 

////// 2018-12-24 03:58:55 cron.php --run=/glpi_ldap/get_all

////// 

////// 2018-12-24 04:01:36 cron.php --run=/glpi_ldap/get_all

////// 

////// 2018-12-24 04:08:32 cron.php --run=/glpi_ldap/get_all

////// 

////// 2018-12-24 04:15:19 cron.php --run=/glpi_ldap/get_all

////// 

////// 2018-12-24 04:23:59 cron.php --run=/glpi_ldap/get_all

////// 

////// 2018-12-24 04:24:10 cron.php --run=/glpi_ldap/get_all

////// 

////// 2018-12-24 04:28:47 cron.php --run=/glpi_ldap/get_all

////// 

////// 2018-12-24 04:43:12 cron.php --run=/glpi_ldap/get_all

////// 

